
**** 04/14/22 16:47:06 *********** Evaluation PSpice (Nov 1999) **************

 Filtru opreste-banda


 ****     CIRCUIT DESCRIPTION


******************************************************************************



Vin 1 0 AC 1
R12 1 2 10
R23 2 3 0.5
C34 3 4 26.5U
L40 4 0 265M
R20 2 0 10
.ac OCT 100 40 80
.probe
.end

**** 04/14/22 16:47:06 *********** Evaluation PSpice (Nov 1999) **************

 Filtru opreste-banda


 ****     SMALL SIGNAL BIAS SOLUTION       TEMPERATURE =   27.000 DEG C


******************************************************************************



 NODE   VOLTAGE     NODE   VOLTAGE     NODE   VOLTAGE     NODE   VOLTAGE


(    1)    0.0000  (    2)    0.0000  (    3)    0.0000  (    4)    0.0000  




    VOLTAGE SOURCE CURRENTS
    NAME         CURRENT

    Vin          0.000E+00

    TOTAL POWER DISSIPATION   0.00E+00  WATTS



          JOB CONCLUDED

          TOTAL JOB TIME             .05
