
**** 04/14/22 08:03:13 *********** Evaluation PSpice (Nov 1999) **************

 PROBLEMA 3.2


 ****     CIRCUIT DESCRIPTION


******************************************************************************



Vin 1 0 AC 1
R 2 0 10k
C 1 2 10nF
.ac dec 10 1hz 1meghz
.probe
.end

**** 04/14/22 08:03:13 *********** Evaluation PSpice (Nov 1999) **************

 PROBLEMA 3.2


 ****     SMALL SIGNAL BIAS SOLUTION       TEMPERATURE =   27.000 DEG C


******************************************************************************



 NODE   VOLTAGE     NODE   VOLTAGE     NODE   VOLTAGE     NODE   VOLTAGE


(    1)    0.0000  (    2)    0.0000  




    VOLTAGE SOURCE CURRENTS
    NAME         CURRENT

    Vin          0.000E+00

    TOTAL POWER DISSIPATION   0.00E+00  WATTS



          JOB CONCLUDED

          TOTAL JOB TIME             .02
