
**** 04/14/22 07:34:31 *********** Evaluation PSpice (Nov 1999) **************

 PROBLEMA 1.1


 ****     CIRCUIT DESCRIPTION


******************************************************************************



V1 3 4 AC 20 -45
V2 3 2 AC 60 45
R 2 1 10
L1 4 0 31.83m
L2 1 0 95.49m
C 3 0 159.15u
.AC LIN 1 50 50
.PRINT AC I(V1) IP(V1) I(V2) IP(V2) I(R) IP(R) I(L1) IP(L1) I(L2) IP(L2) I(C) IP(C)
.END

**** 04/14/22 07:34:31 *********** Evaluation PSpice (Nov 1999) **************

 PROBLEMA 1.1


 ****     SMALL SIGNAL BIAS SOLUTION       TEMPERATURE =   27.000 DEG C


******************************************************************************



 NODE   VOLTAGE     NODE   VOLTAGE     NODE   VOLTAGE     NODE   VOLTAGE


(    1)    0.0000  (    2)    0.0000  (    3)    0.0000  (    4)    0.0000  




    VOLTAGE SOURCE CURRENTS
    NAME         CURRENT

    V1           0.000E+00
    V2           0.000E+00

    TOTAL POWER DISSIPATION   0.00E+00  WATTS


**** 04/14/22 07:34:31 *********** Evaluation PSpice (Nov 1999) **************

 PROBLEMA 1.1


 ****     AC ANALYSIS                      TEMPERATURE =   27.000 DEG C


******************************************************************************



  FREQ        I(V1)       IP(V1)      I(V2)       IP(V2)      I(R)        


   5.000E+01   2.000E+00  -4.500E+01   1.414E+00   1.800E+02   1.414E+00

**** 04/14/22 07:34:31 *********** Evaluation PSpice (Nov 1999) **************

 PROBLEMA 1.1


 ****     AC ANALYSIS                      TEMPERATURE =   27.000 DEG C


******************************************************************************



  FREQ        IP(R)       I(L1)       IP(L1)      I(L2)       IP(L2)      


   5.000E+01   1.800E+02   2.000E+00  -4.500E+01   1.414E+00   1.800E+02

**** 04/14/22 07:34:31 *********** Evaluation PSpice (Nov 1999) **************

 PROBLEMA 1.1


 ****     AC ANALYSIS                      TEMPERATURE =   27.000 DEG C


******************************************************************************



  FREQ        I(C)        IP(C)       


   5.000E+01   1.414E+00   9.000E+01


          JOB CONCLUDED

          TOTAL JOB TIME             .02
