
**** 04/14/22 07:44:09 *********** Evaluation PSpice (Nov 1999) **************

 PROBLEMA 1.2


 ****     CIRCUIT DESCRIPTION


******************************************************************************



V1 3 4 AC 28.2 -90
V2 3 2 AC 20 135
R 1 2 10
L1 4 0 63.66m
L2 1 3 31.83m
C 0 1 318.3u
.AC LIN 1 50 50
.PRINT AC I(V1) IP(V1) I(V2) IP(V2) I(R) IP(R) I(L1) IP(L1) I(L2) IP(L2) I(C) IP(C)
.END

**** 04/14/22 07:44:09 *********** Evaluation PSpice (Nov 1999) **************

 PROBLEMA 1.2


 ****     SMALL SIGNAL BIAS SOLUTION       TEMPERATURE =   27.000 DEG C


******************************************************************************



 NODE   VOLTAGE     NODE   VOLTAGE     NODE   VOLTAGE     NODE   VOLTAGE


(    1)    0.0000  (    2)    0.0000  (    3)    0.0000  (    4)    0.0000  




    VOLTAGE SOURCE CURRENTS
    NAME         CURRENT

    V1           0.000E+00
    V2           0.000E+00

    TOTAL POWER DISSIPATION   0.00E+00  WATTS


**** 04/14/22 07:44:09 *********** Evaluation PSpice (Nov 1999) **************

 PROBLEMA 1.2


 ****     AC ANALYSIS                      TEMPERATURE =   27.000 DEG C


******************************************************************************



  FREQ        I(V1)       IP(V1)      I(V2)       IP(V2)      I(R)        


   5.000E+01   1.995E+00   4.507E+01   2.825E+00  -8.996E+01   2.825E+00

**** 04/14/22 07:44:09 *********** Evaluation PSpice (Nov 1999) **************

 PROBLEMA 1.2


 ****     AC ANALYSIS                      TEMPERATURE =   27.000 DEG C


******************************************************************************



  FREQ        IP(R)       I(L1)       IP(L1)      I(L2)       IP(L2)      


   5.000E+01   9.004E+01   1.995E+00   4.507E+01   1.997E+00  -4.503E+01

**** 04/14/22 07:44:09 *********** Evaluation PSpice (Nov 1999) **************

 PROBLEMA 1.2


 ****     AC ANALYSIS                      TEMPERATURE =   27.000 DEG C


******************************************************************************



  FREQ        I(C)        IP(C)       


   5.000E+01   1.995E+00   4.507E+01


          JOB CONCLUDED

          TOTAL JOB TIME             .05
