
**** 04/14/22 07:54:15 *********** Evaluation PSpice (Nov 1999) **************

 PROBLEMA 1.3


 ****     CIRCUIT DESCRIPTION


******************************************************************************



V1 4 0 AC 40 45
V2 4 3 AC 80 45
R1 0 1 20
R2 1 5 10
R3 3 2 20
L 4 5 31.83m
C 2 1 79.57u
.AC LIN 1 50 50
.PRINT AC I(V1) IP(V1) I(V2) IP(V2) I(R1) IP(R1) I(R2) IP(R2) I(R3) IP(R3) I(L) IP(L) I(C) IP(C)
.END

**** 04/14/22 07:54:15 *********** Evaluation PSpice (Nov 1999) **************

 PROBLEMA 1.3


 ****     SMALL SIGNAL BIAS SOLUTION       TEMPERATURE =   27.000 DEG C


******************************************************************************



 NODE   VOLTAGE     NODE   VOLTAGE     NODE   VOLTAGE     NODE   VOLTAGE


(    1)    0.0000  (    2)    0.0000  (    3)    0.0000  (    4)    0.0000      

(    5)    0.0000  




    VOLTAGE SOURCE CURRENTS
    NAME         CURRENT

    V1           0.000E+00
    V2           0.000E+00

    TOTAL POWER DISSIPATION   0.00E+00  WATTS


**** 04/14/22 07:54:15 *********** Evaluation PSpice (Nov 1999) **************

 PROBLEMA 1.3


 ****     AC ANALYSIS                      TEMPERATURE =   27.000 DEG C


******************************************************************************



  FREQ        I(V1)       IP(V1)      I(V2)       IP(V2)      I(R1)       


   5.000E+01   1.414E+00  -1.800E+02   1.414E+00  -9.000E+01   1.414E+00

**** 04/14/22 07:54:15 *********** Evaluation PSpice (Nov 1999) **************

 PROBLEMA 1.3


 ****     AC ANALYSIS                      TEMPERATURE =   27.000 DEG C


******************************************************************************



  FREQ        IP(R1)      I(R2)       IP(R2)      I(R3)       IP(R3)      


   5.000E+01  -1.800E+02   2.000E+00  -1.350E+02   1.414E+00  -9.000E+01

**** 04/14/22 07:54:15 *********** Evaluation PSpice (Nov 1999) **************

 PROBLEMA 1.3


 ****     AC ANALYSIS                      TEMPERATURE =   27.000 DEG C


******************************************************************************



  FREQ        I(L)        IP(L)       I(C)        IP(C)       


   5.000E+01   2.000E+00   4.500E+01   1.414E+00  -9.000E+01


          JOB CONCLUDED

          TOTAL JOB TIME             .02
