
**** 03/17/22 10:30:22 *********** Evaluation PSpice (Nov 1999) **************

 simulare 2


 ****     CIRCUIT DESCRIPTION


******************************************************************************



V1 2 0 90
V2 0 6 20
V3 4 5 20
I1 3 1 5
R1 1 6 20
R2 3 2 5
R3 1 4 10
R4 3 5 2
R5 5 0 5
.dc V1 90 90 1
.print dc I(R1) I(R2) I(R3) I(R4) I(R5) V(I1)
.end

**** 03/17/22 10:30:22 *********** Evaluation PSpice (Nov 1999) **************

 simulare 2


 ****     DC TRANSFER CURVES               TEMPERATURE =   27.000 DEG C


******************************************************************************



  V1          I(R1)       I(R2)       I(R3)       I(R4)       I(R5)       

   9.000E+01   4.000E+00  -1.000E+01   1.000E+00   5.000E+00   6.000E+00



**** 03/17/22 10:30:22 *********** Evaluation PSpice (Nov 1999) **************

 simulare 2


 ****     DC TRANSFER CURVES               TEMPERATURE =   27.000 DEG C


******************************************************************************



  V1          V(I1)       

   9.000E+01  -2.000E+01




          JOB CONCLUDED

          TOTAL JOB TIME            0.00
